2021-09-30 13:32:12,635 : INFO : iGEM_login : Already logged in.
2021-09-30 13:32:12,942 : ERROR : cache_files : assets\logo\team_2021\final logo black.ai has an unsupported file extension. Skipping.
2021-09-30 13:32:18,994 : INFO : iGEM_upload_file : Uploaded T--UNILausanne--blender--dreamstime_xxl_115219824.jpg to https://2021.igem.org/wiki/images/b/b5/T--UNILausanne--blender--dreamstime_xxl_115219824.jpg.
2021-09-30 13:32:20,242 : INFO : iGEM_upload_file : Uploaded T--UNILausanne--blender--logo_monnaie_grey.png to https://2021.igem.org/wiki/images/d/d4/T--UNILausanne--blender--logo_monnaie_grey.png.
2021-09-30 13:32:21,526 : INFO : iGEM_upload_file : Uploaded T--UNILausanne--blender--P.siringae-removebg-preview.png to https://2021.igem.org/wiki/images/4/4c/T--UNILausanne--blender--P.siringae-removebg-preview.png.
2021-09-30 13:32:30,492 : INFO : iGEM_upload_file : Uploaded T--UNILausanne--blender--Screenshot 2021-08-06 at 10.33.02.png to https://2021.igem.org/wiki/images/2/29/T--UNILausanne--blender--Screenshot_2021-08-06_at_10.33.02.png.
2021-09-30 13:32:32,720 : INFO : iGEM_upload_file : Uploaded T--UNILausanne--blender--silouette arbre.png to https://2021.igem.org/wiki/images/b/b2/T--UNILausanne--blender--silouette_arbre.png.
2021-09-30 13:32:34,815 : INFO : iGEM_upload_file : Uploaded T--UNILausanne--blender--test-removebg-preview.png to https://2021.igem.org/wiki/images/b/b6/T--UNILausanne--blender--test-removebg-preview.png.
2021-09-30 13:32:46,673 : INFO : iGEM_upload_file : Uploaded T--UNILausanne--blender--test.png to https://2021.igem.org/wiki/images/1/14/T--UNILausanne--blender--test.png.
2021-09-30 13:34:07,259 : INFO : iGEM_upload_file : Uploaded T--UNILausanne--engineering--DSC01046.jpeg to https://2021.igem.org/wiki/images/e/e3/T--UNILausanne--engineering--DSC01046.jpeg.
2021-09-30 13:36:10,654 : INFO : iGEM_upload_file : Uploaded T--UNILausanne--engineering--DSC01046.png to https://2021.igem.org/wiki/images/f/ff/T--UNILausanne--engineering--DSC01046.png.
2021-09-30 13:36:13,516 : INFO : iGEM_upload_file : Uploaded T--UNILausanne--logo--social media--584856b4e0bb315b0f7675ac.png to https://2021.igem.org/wiki/images/1/1a/T--UNILausanne--logo--social_media--584856b4e0bb315b0f7675ac.png.
2021-09-30 13:36:16,589 : INFO : iGEM_upload_file : Uploaded T--UNILausanne--logo--social media--facebook.png to https://2021.igem.org/wiki/images/f/f9/T--UNILausanne--logo--social_media--facebook.png.
2021-09-30 13:36:17,833 : INFO : iGEM_upload_file : Uploaded T--UNILausanne--logo--social media--facebook_white.png to https://2021.igem.org/wiki/images/6/61/T--UNILausanne--logo--social_media--facebook_white.png.
2021-09-30 13:36:19,252 : INFO : iGEM_upload_file : Uploaded T--UNILausanne--logo--social media--images-removebg-preview.png to https://2021.igem.org/wiki/images/d/d8/T--UNILausanne--logo--social_media--images-removebg-preview.png.
2021-09-30 13:36:21,096 : INFO : iGEM_upload_file : Uploaded T--UNILausanne--logo--social media--instagram.png to https://2021.igem.org/wiki/images/d/db/T--UNILausanne--logo--social_media--instagram.png.
2021-09-30 13:36:22,540 : INFO : iGEM_upload_file : Uploaded T--UNILausanne--logo--social media--instagram_white.png to https://2021.igem.org/wiki/images/6/6c/T--UNILausanne--logo--social_media--instagram_white.png.
2021-09-30 13:36:24,168 : INFO : iGEM_upload_file : Uploaded T--UNILausanne--logo--social media--linkedin_white.png to https://2021.igem.org/wiki/images/5/5d/T--UNILausanne--logo--social_media--linkedin_white.png.
2021-09-30 13:36:27,863 : INFO : iGEM_upload_file : Uploaded T--UNILausanne--logo--social media--logo_mail.png to https://2021.igem.org/wiki/images/e/e6/T--UNILausanne--logo--social_media--logo_mail.png.
2021-09-30 13:36:30,302 : INFO : iGEM_upload_file : Uploaded T--UNILausanne--logo--social media--Twitter.png to https://2021.igem.org/wiki/images/0/0e/T--UNILausanne--logo--social_media--Twitter.png.
2021-09-30 13:36:33,185 : INFO : iGEM_upload_file : Uploaded T--UNILausanne--logo--social media--Twitter_white.png to https://2021.igem.org/wiki/images/5/56/T--UNILausanne--logo--social_media--Twitter_white.png.
2021-09-30 13:36:34,817 : INFO : iGEM_upload_file : Uploaded T--UNILausanne--logo--sponsor--colored--GenScript-removebg-preview.png to https://2021.igem.org/wiki/images/f/f3/T--UNILausanne--logo--sponsor--colored--GenScript-removebg-preview.png.
2021-09-30 13:36:36,047 : INFO : iGEM_upload_file : Uploaded T--UNILausanne--logo--sponsor--colored--IDT.png to https://2021.igem.org/wiki/images/9/9e/T--UNILausanne--logo--sponsor--colored--IDT.png.
2021-09-30 13:36:37,888 : INFO : iGEM_upload_file : Uploaded T--UNILausanne--logo--sponsor--colored--leenaards-removebg-preview.png to https://2021.igem.org/wiki/images/1/10/T--UNILausanne--logo--sponsor--colored--leenaards-removebg-preview.png.
2021-09-30 13:36:40,360 : INFO : iGEM_upload_file : Uploaded T--UNILausanne--logo--sponsor--colored--NEBlogo.png to https://2021.igem.org/wiki/images/2/2c/T--UNILausanne--logo--sponsor--colored--NEBlogo.png.
2021-09-30 13:36:41,780 : INFO : iGEM_upload_file : Uploaded T--UNILausanne--logo_microsynth.png to https://2021.igem.org/wiki/images/4/41/T--UNILausanne--logo_microsynth.png.
2021-09-30 13:36:43,239 : INFO : iGEM_upload_file : Uploaded T--UNILausanne--logo_promega.png to https://2021.igem.org/wiki/images/7/76/T--UNILausanne--logo_promega.png.
2021-09-30 13:36:45,060 : INFO : iGEM_upload_file : Uploaded T--UNILausanne--logo--sponsor--colored--uniltransparent.png to https://2021.igem.org/wiki/images/d/d3/T--UNILausanne--logo--sponsor--colored--uniltransparent.png.
2021-09-30 13:36:46,293 : INFO : iGEM_upload_file : Uploaded T--UNILausanne--logo--sponsor--white--biolab_logo_white.png to https://2021.igem.org/wiki/images/5/56/T--UNILausanne--logo--sponsor--white--biolab_logo_white.png.
2021-09-30 13:36:47,919 : INFO : iGEM_upload_file : Uploaded T--UNILausanne--logo--sponsor--white--GenScript-white.png to https://2021.igem.org/wiki/images/2/2c/T--UNILausanne--logo--sponsor--white--GenScript-white.png.
2021-09-30 13:36:49,761 : INFO : iGEM_upload_file : Uploaded T--UNILausanne--logo--sponsor--white--IDT_logo_white_rmbg.png to https://2021.igem.org/wiki/images/3/31/T--UNILausanne--logo--sponsor--white--IDT_logo_white_rmbg.png.
2021-09-30 13:36:50,997 : INFO : iGEM_upload_file : Uploaded T--UNILausanne--logo--sponsor--white--leenaards-removebg-white.png to https://2021.igem.org/wiki/images/4/4f/T--UNILausanne--logo--sponsor--white--leenaards-removebg-white.png.
2021-09-30 13:36:52,631 : INFO : iGEM_upload_file : Uploaded T--UNILausanne--logo--sponsor--white--microsynth_logo_white.png to https://2021.igem.org/wiki/images/2/26/T--UNILausanne--logo--sponsor--white--microsynth_logo_white.png.
2021-09-30 13:36:54,269 : INFO : iGEM_upload_file : Uploaded T--UNILausanne--logo--sponsor--white--Promega_logo_white.png to https://2021.igem.org/wiki/images/5/5f/T--UNILausanne--logo--sponsor--white--Promega_logo_white.png.
2021-09-30 13:36:57,541 : INFO : iGEM_upload_file : Uploaded T--UNILausanne--logo--sponsor--white--unil_logo_white.png to https://2021.igem.org/wiki/images/5/54/T--UNILausanne--logo--sponsor--white--unil_logo_white.png.
2021-09-30 13:37:01,849 : INFO : iGEM_upload_file : Uploaded T--UNILausanne--logo--team_2021--aprifreezelogo.jpeg to https://2021.igem.org/wiki/images/a/a6/T--UNILausanne--logo--team_2021--aprifreezelogo.jpeg.
2021-09-30 13:37:04,098 : INFO : iGEM_upload_file : Uploaded T--UNILausanne--logo--team_2021--Asset 1.svg to https://2021.igem.org/wiki/images/f/f1/T--UNILausanne--logo--team_2021--Asset_1.svg.
2021-09-30 13:37:05,761 : INFO : iGEM_upload_file : Uploaded T--UNILausanne--logo--team_2021--final logo.png to https://2021.igem.org/wiki/images/b/be/T--UNILausanne--logo--team_2021--final_logo.png.
2021-09-30 13:37:07,381 : INFO : iGEM_upload_file : Uploaded T--UNILausanne--logo--team_2021--final_logo_white.png to https://2021.igem.org/wiki/images/4/45/T--UNILausanne--logo--team_2021--final_logo_white.png.
2021-09-30 13:37:09,472 : INFO : iGEM_upload_file : Uploaded T--UNILausanne--logo--team_2021--final_logo_white_croped.png to https://2021.igem.org/wiki/images/4/45/T--UNILausanne--logo--team_2021--final_logo_white_croped.png.
2021-09-30 13:37:11,680 : INFO : iGEM_upload_file : Uploaded T--UNILausanne--logo--team_2021--logo white under.png to https://2021.igem.org/wiki/images/6/64/T--UNILausanne--logo--team_2021--logo_white_under.png.
2021-09-30 13:37:13,561 : INFO : iGEM_upload_file : Uploaded T--UNILausanne--logo--team_2021--logo-bl.svg to https://2021.igem.org/wiki/images/f/f2/T--UNILausanne--logo--team_2021--logo-bl.svg.
2021-09-30 13:37:16,591 : INFO : iGEM_upload_file : Uploaded T--UNILausanne--logo--team_2021--logo_home.png to https://2021.igem.org/wiki/images/c/c4/T--UNILausanne--logo--team_2021--logo_home.png.
2021-09-30 13:37:18,433 : INFO : iGEM_upload_file : Uploaded T--UNILausanne--logo--team_2021--menu_white.svg to https://2021.igem.org/wiki/images/c/c7/T--UNILausanne--logo--team_2021--menu_white.svg.
2021-09-30 13:37:21,511 : INFO : iGEM_upload_file : Uploaded T--UNILausanne--logo--team_2021--square_logo.png to https://2021.igem.org/wiki/images/3/35/T--UNILausanne--logo--team_2021--square_logo.png.
2021-09-30 13:37:23,474 : INFO : iGEM_upload_file : Uploaded T--UNILausanne--logo--team_2021--square_logo_orange.png to https://2021.igem.org/wiki/images/2/2a/T--UNILausanne--logo--team_2021--square_logo_orange.png.
2021-09-30 13:37:25,162 : INFO : iGEM_upload_file : Uploaded T--UNILausanne--logo--team_2021--square_logo_red.png to https://2021.igem.org/wiki/images/0/02/T--UNILausanne--logo--team_2021--square_logo_red.png.
2021-09-30 13:37:28,472 : INFO : iGEM_upload_file : Uploaded T--UNILausanne--logo--team_2021--square_logo_yellow.png to https://2021.igem.org/wiki/images/c/c0/T--UNILausanne--logo--team_2021--square_logo_yellow.png.
2021-09-30 13:37:31,751 : INFO : iGEM_upload_file : Uploaded T--UNILausanne--logo--team_2021--test logo--square_logo_orange_tailocins.png to https://2021.igem.org/wiki/images/9/96/T--UNILausanne--logo--team_2021--test_logo--square_logo_orange_tailocins.png.
2021-09-30 13:37:34,412 : INFO : iGEM_upload_file : Uploaded T--UNILausanne--logo--team_2021--test logo--square_logo_red_AFP.png to https://2021.igem.org/wiki/images/f/f7/T--UNILausanne--logo--team_2021--test_logo--square_logo_red_AFP.png.
2021-09-30 13:37:38,098 : INFO : iGEM_upload_file : Uploaded T--UNILausanne--logo--team_2021--test logo--square_logo_yellow_phage.png to https://2021.igem.org/wiki/images/8/8b/T--UNILausanne--logo--team_2021--test_logo--square_logo_yellow_phage.png.
2021-09-30 13:40:31,478 : INFO : iGEM_upload_file : Uploaded T--UNILausanne--team--DSCF4840.jpeg to https://2021.igem.org/wiki/images/5/5f/T--UNILausanne--team--DSCF4840.jpeg.
2021-09-30 13:43:42,021 : DEBUG : iGEM_upload_file : Lost connection to iGEM servers.
Traceback (most recent call last):
  File "C:\Users\quill\anaconda3\envs\igem2021\lib\site-packages\urllib3\connectionpool.py", line 699, in urlopen
    httplib_response = self._make_request(
  File "C:\Users\quill\anaconda3\envs\igem2021\lib\site-packages\urllib3\connectionpool.py", line 394, in _make_request
    conn.request(method, url, **httplib_request_kw)
  File "C:\Users\quill\anaconda3\envs\igem2021\lib\site-packages\urllib3\connection.py", line 234, in request
    super(HTTPConnection, self).request(method, url, body=body, headers=headers)
  File "C:\Users\quill\anaconda3\envs\igem2021\lib\http\client.py", line 1257, in request
    self._send_request(method, url, body, headers, encode_chunked)
  File "C:\Users\quill\anaconda3\envs\igem2021\lib\http\client.py", line 1303, in _send_request
    self.endheaders(body, encode_chunked=encode_chunked)
  File "C:\Users\quill\anaconda3\envs\igem2021\lib\http\client.py", line 1252, in endheaders
    self._send_output(message_body, encode_chunked=encode_chunked)
  File "C:\Users\quill\anaconda3\envs\igem2021\lib\http\client.py", line 1051, in _send_output
    self.send(chunk)
  File "C:\Users\quill\anaconda3\envs\igem2021\lib\http\client.py", line 973, in send
    self.sock.sendall(data)
  File "C:\Users\quill\anaconda3\envs\igem2021\lib\ssl.py", line 1204, in sendall
    v = self.send(byte_view[count:])
  File "C:\Users\quill\anaconda3\envs\igem2021\lib\ssl.py", line 1173, in send
    return self._sslobj.write(data)
ConnectionResetError: [WinError 10054] An existing connection was forcibly closed by the remote host

During handling of the above exception, another exception occurred:

Traceback (most recent call last):
  File "C:\Users\quill\anaconda3\envs\igem2021\lib\site-packages\requests\adapters.py", line 439, in send
    resp = conn.urlopen(
  File "C:\Users\quill\anaconda3\envs\igem2021\lib\site-packages\urllib3\connectionpool.py", line 755, in urlopen
    retries = retries.increment(
  File "C:\Users\quill\anaconda3\envs\igem2021\lib\site-packages\urllib3\util\retry.py", line 532, in increment
    raise six.reraise(type(error), error, _stacktrace)
  File "C:\Users\quill\anaconda3\envs\igem2021\lib\site-packages\urllib3\packages\six.py", line 769, in reraise
    raise value.with_traceback(tb)
  File "C:\Users\quill\anaconda3\envs\igem2021\lib\site-packages\urllib3\connectionpool.py", line 699, in urlopen
    httplib_response = self._make_request(
  File "C:\Users\quill\anaconda3\envs\igem2021\lib\site-packages\urllib3\connectionpool.py", line 394, in _make_request
    conn.request(method, url, **httplib_request_kw)
  File "C:\Users\quill\anaconda3\envs\igem2021\lib\site-packages\urllib3\connection.py", line 234, in request
    super(HTTPConnection, self).request(method, url, body=body, headers=headers)
  File "C:\Users\quill\anaconda3\envs\igem2021\lib\http\client.py", line 1257, in request
    self._send_request(method, url, body, headers, encode_chunked)
  File "C:\Users\quill\anaconda3\envs\igem2021\lib\http\client.py", line 1303, in _send_request
    self.endheaders(body, encode_chunked=encode_chunked)
  File "C:\Users\quill\anaconda3\envs\igem2021\lib\http\client.py", line 1252, in endheaders
    self._send_output(message_body, encode_chunked=encode_chunked)
  File "C:\Users\quill\anaconda3\envs\igem2021\lib\http\client.py", line 1051, in _send_output
    self.send(chunk)
  File "C:\Users\quill\anaconda3\envs\igem2021\lib\http\client.py", line 973, in send
    self.sock.sendall(data)
  File "C:\Users\quill\anaconda3\envs\igem2021\lib\ssl.py", line 1204, in sendall
    v = self.send(byte_view[count:])
  File "C:\Users\quill\anaconda3\envs\igem2021\lib\ssl.py", line 1173, in send
    return self._sslobj.write(data)
urllib3.exceptions.ProtocolError: ('Connection aborted.', ConnectionResetError(10054, 'An existing connection was forcibly closed by the remote host', None, 10054, None))

During handling of the above exception, another exception occurred:

Traceback (most recent call last):
  File "C:\Users\quill\anaconda3\envs\igem2021\lib\site-packages\igem_wikisync\browser.py", line 220, in iGEM_upload_file
    browser.submit_selected()
  File "C:\Users\quill\anaconda3\envs\igem2021\lib\site-packages\mechanicalsoup\stateful_browser.py", line 254, in submit_selected
    resp = self.submit(self.__state.form, url=self.__state.url,
  File "C:\Users\quill\anaconda3\envs\igem2021\lib\site-packages\mechanicalsoup\browser.py", line 319, in submit
    response = self._request(form, url, **kwargs)
  File "C:\Users\quill\anaconda3\envs\igem2021\lib\site-packages\mechanicalsoup\browser.py", line 296, in _request
    return self.session.request(**request_kwargs)
  File "C:\Users\quill\anaconda3\envs\igem2021\lib\site-packages\requests\sessions.py", line 542, in request
    resp = self.send(prep, **send_kwargs)
  File "C:\Users\quill\anaconda3\envs\igem2021\lib\site-packages\requests\sessions.py", line 655, in send
    r = adapter.send(request, **kwargs)
  File "C:\Users\quill\anaconda3\envs\igem2021\lib\site-packages\requests\adapters.py", line 498, in send
    raise ConnectionError(err, request=request)
requests.exceptions.ConnectionError: ('Connection aborted.', ConnectionResetError(10054, 'An existing connection was forcibly closed by the remote host', None, 10054, None))
2021-09-30 13:43:42,029 : ERROR : iGEM_upload_file : Lost connection to iGEM servers.
2021-09-30 13:43:42,169 : DEBUG : upload_and_write_assets : Failed to upload assets\team\DSCF4859.jpeg. The current upload map has been saved. You will not have to upload everything again.
NoneType: None
2021-09-30 13:43:42,169 : CRITICAL : upload_and_write_assets : Failed to upload assets\team\DSCF4859.jpeg. The current upload map has been saved. You will not have to upload everything again.
